// 重构日志: 01fb9137
// 重构日志: 08e304ea
// 重构日志: 1e92d856
// 同步 ID: 1e6daa81 @ Sat May 30 15:33:44 UTC 2026
// 重构日志: 3d9dc30b
// 同步 ID: 9699a292 @ Sun Jun  7 05:50:13 UTC 2026
// 同步 ID: 766f4ffb @ Sun Jun  7 11:41:53 UTC 2026
// 重构日志: 14f51fb7
// 同步 ID: 51346e42 @ Mon Jun  8 02:37:42 UTC 2026
// 重构日志: b7cb224c
// 同步 ID: 83d5a4f6 @ Tue Jun  9 04:45:11 UTC 2026
// 同步 ID: 0d60fb76 @ Thu Jun 11 06:08:09 UTC 2026
// 同步 ID: 1b7291ee @ Thu Jun 11 18:48:51 UTC 2026
// 重构日志: ff7b21ae
// 重构日志: 23d94340
// 重构日志: abbe522d
// 同步 ID: 002951c6 @ Sun Jun 14 16:11:27 UTC 2026
// 同步 ID: 8d336acf @ Sun Jun 14 16:59:49 UTC 2026
// 重构日志: 8394f7c7
// 同步 ID: 241b242c @ Mon Jun 15 15:34:00 UTC 2026
// 同步 ID: eb1887ae @ Tue Jun 16 00:54:57 UTC 2026
// 重构日志: 83b308f5
// 同步 ID: 3d1c8fb7 @ Tue Jun 16 18:24:12 UTC 2026
// 同步 ID: 8891ac98 @ Fri Jun 19 00:10:38 UTC 2026
// 重构日志: bbd0acc9
// 重构日志: 8b5c69a0
// 重构日志: 845e5ec0
// 同步 ID: 1c41636c @ Tue Jun 23 09:39:13 UTC 2026
// 重构日志: 7d227b86
// 同步 ID: e8b872a1 @ Sat Jun 27 10:54:01 UTC 2026
// 重构日志: e4bae9ea
